<?xml version="1.0" encoding="UTF-8"?>
<!-- Generated by org.testng.reporters.JUnitReportReporter -->
<testsuite hostname="Amrieen" failures="0" tests="1" name="branchReviewReportScripting.periodwiseTargetAchievment" time="95.150" errors="0" timestamp="2022-04-12T15:00:51 IST" skipped="0">
  <testcase classname="branchReviewReportScripting.periodwiseTargetAchievment" name="test" time="95.150"/>
  <system-out/>
</testsuite> <!-- branchReviewReportScripting.periodwiseTargetAchievment -->
