<?xml version="1.0" encoding="UTF-8"?>
<!-- Generated by org.testng.reporters.JUnitReportReporter -->
<testsuite hostname="Amrieen" failures="0" tests="1" name="testScripts.changeLocationGRA" time="45.143" errors="0" timestamp="2022-04-12T16:07:10 IST" skipped="0">
  <testcase classname="testScripts.changeLocationGRA" name="Login123" time="45.143"/>
  <system-out/>
</testsuite> <!-- testScripts.changeLocationGRA -->
