<?xml version="1.0" encoding="UTF-8"?>
<!-- Generated by org.testng.reporters.JUnitReportReporter -->
<testsuite hostname="Amrieen" failures="0" tests="1" name="CRUDBooster.matalBookingNotification" time="32.926" errors="0" timestamp="2022-04-26T15:27:59 IST" skipped="0">
  <testcase classname="CRUDBooster.matalBookingNotification" name="test" time="32.926"/>
  <system-out/>
</testsuite> <!-- CRUDBooster.matalBookingNotification -->
