<?xml version="1.0" encoding="UTF-8"?>
<!-- Generated by org.testng.reporters.JUnitReportReporter -->
<testsuite hostname="Amrieen" failures="0" tests="7" name="ticketingSystem.TestScript" time="40.977" errors="0" timestamp="2022-05-17T15:13:11 IST" skipped="0">
  <testcase classname="ticketingSystem.TestScript" name="test_01" time="6.131"/>
  <system-out/>
  <testcase classname="ticketingSystem.TestScript" name="test_03" time="6.150"/>
  <system-out/>
  <testcase classname="ticketingSystem.TestScript" name="test_07" time="5.676"/>
  <system-out/>
  <testcase classname="ticketingSystem.TestScript" name="test_02" time="5.438"/>
  <system-out/>
  <testcase classname="ticketingSystem.TestScript" name="test_06" time="6.698"/>
  <system-out/>
  <testcase classname="ticketingSystem.TestScript" name="test_04" time="5.463"/>
  <system-out/>
  <testcase classname="ticketingSystem.TestScript" name="test_05" time="5.421"/>
  <system-out/>
</testsuite> <!-- ticketingSystem.TestScript -->
