<?xml version="1.0" encoding="UTF-8"?>
<!-- Generated by org.testng.reporters.JUnitReportReporter -->
<testsuite hostname="Amrieen" failures="0" tests="7" name="com.ticketingSystem.Script.PlayPauseScript" time="40.679" errors="0" timestamp="2022-05-19T13:11:32 IST" skipped="0">
  <testcase classname="com.ticketingSystem.Script.PlayPauseScript" name="test_06" time="6.603"/>
  <system-out/>
  <testcase classname="com.ticketingSystem.Script.PlayPauseScript" name="test_05" time="5.320"/>
  <system-out/>
  <testcase classname="com.ticketingSystem.Script.PlayPauseScript" name="test_03" time="5.776"/>
  <system-out/>
  <testcase classname="com.ticketingSystem.Script.PlayPauseScript" name="test_02" time="5.372"/>
  <system-out/>
  <testcase classname="com.ticketingSystem.Script.PlayPauseScript" name="test_01" time="5.667"/>
  <system-out/>
  <testcase classname="com.ticketingSystem.Script.PlayPauseScript" name="test_07" time="6.328"/>
  <system-out/>
  <testcase classname="com.ticketingSystem.Script.PlayPauseScript" name="test_04" time="5.613"/>
  <system-out/>
</testsuite> <!-- com.ticketingSystem.Script.PlayPauseScript -->
