<?xml version="1.0" encoding="UTF-8"?>
<!-- Generated by org.testng.reporters.JUnitReportReporter -->
<testsuite hostname="Amrieen" failures="0" tests="3" name="branchReviewReportScripting.reviewReport" time="207.741" errors="0" timestamp="2022-05-11T11:58:51 IST" skipped="0">
  <testcase classname="branchReviewReportScripting.reviewReport" name="testCase01" time="22.158"/>
  <system-out/>
  <testcase classname="branchReviewReportScripting.reviewReport" name="testCase02" time="81.014"/>
  <system-out/>
  <testcase classname="branchReviewReportScripting.reviewReport" name="testCase03" time="104.569"/>
  <system-out/>
</testsuite> <!-- branchReviewReportScripting.reviewReport -->
